2017-05-04 08:36:23,076 [Worker-1] INFO  c.g.t.t.d.PublishedGradleVersions - Gradle version information cache is up-to-date. Trying to read.
2017-05-04 08:36:59,306 [Worker-10] INFO  o.e.m.c.i.l.LifecycleMappingFactory - Using org.eclipse.m2e.jdt.JarLifecycleMapping lifecycle mapping for MavenProject: assembler:AssemblerZ0:1.0 @ C:\Users\pedro\Documents\GitHub\Z0\Codigos\AssemblerZ0\pom.xml.
2017-05-04 08:37:00,311 [Worker-10] INFO  o.e.m.c.i.p.ProjectConfigurationManager - Imported and configured 1 project(s) in 4 sec
2017-05-12 09:13:45,038 [Worker-4] INFO  c.g.t.t.d.PublishedGradleVersions - Gradle version information cache is up-to-date. Trying to read.
2017-05-12 09:13:52,162 [Worker-7] INFO  o.e.m.c.i.l.LifecycleMappingFactory - Using org.eclipse.m2e.jdt.JarLifecycleMapping lifecycle mapping for MavenProject: assembler:AssemblerZ0:1.0 @ C:\Users\pedro\Documents\GitHub\Z0\Codigos\AssemblerZ0\pom.xml.
2017-05-12 09:13:54,724 [Worker-7] INFO  o.e.m.c.i.embedder.EclipseLogger - Using 'UTF-8' encoding to copy filtered resources.
2017-05-12 09:13:54,732 [Worker-7] INFO  o.e.m.c.i.embedder.EclipseLogger - Copying 0 resource
2017-05-12 09:13:55,913 [Worker-7] INFO  o.e.m.c.i.embedder.EclipseLogger - Using 'UTF-8' encoding to copy filtered resources.
2017-05-12 09:13:55,914 [Worker-7] INFO  o.e.m.c.i.embedder.EclipseLogger - Copying 5 resources
2017-05-12 09:13:55,975 [Worker-5] INFO  o.e.m.c.i.l.LifecycleMappingFactory - Using org.eclipse.m2e.jdt.JarLifecycleMapping lifecycle mapping for MavenProject: assembler:AssemblerZ0:1.0 @ C:\Users\pedro\Documents\GitHub\Z0\Codigos\AssemblerZ0\pom.xml.
2017-05-12 09:14:24,787 [Worker-3] INFO  o.e.m.c.i.l.LifecycleMappingFactory - Using org.eclipse.m2e.jdt.JarLifecycleMapping lifecycle mapping for MavenProject: vmtranslator:VMTranslator:1.0 @ C:\Users\pedro\Documents\GitHub\Z0\Codigos\VMTranslator\pom.xml.
2017-05-12 09:14:25,220 [Worker-3] INFO  o.e.m.c.i.p.ProjectConfigurationManager - Imported and configured 1 project(s) in 1 sec
2017-05-12 09:14:27,630 [Worker-6] INFO  o.e.m.i.discovery.MavenDiscovery - No lifecyle mapping found at jar:file:/C:/Users/pedro/AppData/Local/Temp/RemoteBundleDiscoveryStrategy4492078110899753439.tmp/org.eclipse.m2e.discovery.oss_catalog_1.6.jar_3147125721687868400.jar!/lifecycle%2Forg.eclipse.m2e.discovery.lifecyclemapping.m2e-egit.xml
2017-05-12 09:14:27,631 [Worker-6] WARN  o.e.m.i.discovery.MavenDiscovery - CatalogItem org.eclipse.m2e.discovery.lifecyclemapping.m2e-egit does not contain lifecycle mapping metadata
2017-05-12 09:14:27,643 [Worker-6] INFO  o.e.m.i.discovery.MavenDiscovery - No lifecyle mapping found at jar:file:/C:/Users/pedro/AppData/Local/Temp/RemoteBundleDiscoveryStrategy4492078110899753439.tmp/org.eclipse.m2e.discovery.oss_catalog_1.6.jar_3147125721687868400.jar!/lifecycle%2Forg.eclipse.m2e.discovery.lifecyclemapping.m2e-subversive.xml
2017-05-12 09:14:27,645 [Worker-6] WARN  o.e.m.i.discovery.MavenDiscovery - CatalogItem org.eclipse.m2e.discovery.lifecyclemapping.m2e-subversive does not contain lifecycle mapping metadata
2017-05-12 09:14:28,560 [Worker-2] INFO  o.e.m.c.i.embedder.EclipseLogger - Using 'UTF-8' encoding to copy filtered resources.
2017-05-12 09:14:28,562 [Worker-2] INFO  o.e.m.c.i.embedder.EclipseLogger - Copying 0 resource
2017-05-12 09:14:28,565 [Worker-2] INFO  o.e.m.c.i.embedder.EclipseLogger - Using 'UTF-8' encoding to copy filtered resources.
2017-05-12 09:14:28,573 [Worker-2] INFO  o.e.m.c.i.embedder.EclipseLogger - Copying 14 resources
2017-05-12 09:16:20,715 [Worker-9] INFO  o.e.m.c.i.p.ProjectConfigurationManager - Update started
2017-05-12 09:16:20,715 [Worker-9] INFO  o.e.m.c.i.p.ProjectConfigurationManager - Update completed: 0 sec
2017-05-12 09:18:46,871 [Worker-5] INFO  o.e.m.c.i.embedder.EclipseLogger - Using 'UTF-8' encoding to copy filtered resources.
2017-05-12 09:18:46,892 [Worker-5] INFO  o.e.m.c.i.embedder.EclipseLogger - Copying 0 resource
2017-05-12 09:18:46,906 [Worker-5] INFO  o.e.m.c.i.embedder.EclipseLogger - Using 'UTF-8' encoding to copy filtered resources.
2017-05-12 09:18:46,914 [Worker-5] INFO  o.e.m.c.i.embedder.EclipseLogger - Copying 0 resource
